# JRE version: OpenJDK Runtime Environment (8.0_212-b04) (build 1.8.0_212-release-1586-b04)
# Java VM: OpenJDK 64-Bit Server VM (25.212-b04 mixed mode windows-amd64 compressed oops)
Heap:
 PSYoungGen      total 167424K, used 19658K [0x00000000e0000000, 0x00000000ec200000, 0x0000000100000000)
  eden space 147456K, 0% used [0x00000000e0000000,0x00000000e0000000,0x00000000e9000000)
  from space 19968K, 98% used [0x00000000e9400000,0x00000000ea7328c0,0x00000000ea780000)
  to   space 25600K, 0% used [0x00000000ea900000,0x00000000ea900000,0x00000000ec200000)
 ParOldGen       total 141312K, used 59605K [0x00000000a0000000, 0x00000000a8a00000, 0x00000000e0000000)
  object space 141312K, 42% used [0x00000000a0000000,0x00000000a3a35448,0x00000000a8a00000)
 Metaspace       used 92878K, capacity 98463K, committed 98496K, reserved 1134592K
  class space    used 12306K, capacity 13400K, committed 13400K, reserved 1048576K
GC Heap History (10 events):
Event: 903.724 GC heap after
Heap after GC invocations=20 (full 3):
 PSYoungGen      total 177664K, used 12173K [0x00000000e0000000, 0x00000000edb80000, 0x0000000100000000)
  eden space 165376K, 0% used [0x00000000e0000000,0x00000000e0000000,0x00000000ea180000)
  from space 12288K, 99% used [0x00000000eb580000,0x00000000ec1636d8,0x00000000ec180000)
  to   space 26112K, 0% used [0x00000000ec200000,0x00000000ec200000,0x00000000edb80000)
 ParOldGen       total 141312K, used 59573K [0x00000000a0000000, 0x00000000a8a00000, 0x00000000e0000000)
  object space 141312K, 42% used [0x00000000a0000000,0x00000000a3a2d448,0x00000000a8a00000)
 Metaspace       used 85734K, capacity 89688K, committed 89816K, reserved 1126400K
  class space    used 11394K, capacity 12194K, committed 12248K, reserved 1048576K
}
Event: 1176.771 GC heap before
{Heap before GC invocations=21 (full 3):
 PSYoungGen      total 177664K, used 177549K [0x00000000e0000000, 0x00000000edb80000, 0x0000000100000000)
  eden space 165376K, 100% used [0x00000000e0000000,0x00000000ea180000,0x00000000ea180000)
  from space 12288K, 99% used [0x00000000eb580000,0x00000000ec1636d8,0x00000000ec180000)
  to   space 26112K, 0% used [0x00000000ec200000,0x00000000ec200000,0x00000000edb80000)
 ParOldGen       total 141312K, used 59573K [0x00000000a0000000, 0x00000000a8a00000, 0x00000000e0000000)
  object space 141312K, 42% used [0x00000000a0000000,0x00000000a3a2d448,0x00000000a8a00000)
 Metaspace       used 86210K, capacity 90248K, committed 90328K, reserved 1128448K
  class space    used 11402K, capacity 12208K, committed 12248K, reserved 1048576K
Event: 1176.790 GC heap after
Heap after GC invocations=21 (full 3):
 PSYoungGen      total 176640K, used 15757K [0x00000000e0000000, 0x00000000ed180000, 0x0000000100000000)
  eden space 160768K, 0% used [0x00000000e0000000,0x00000000e0000000,0x00000000e9d00000)
  from space 15872K, 99% used [0x00000000ec200000,0x00000000ed1634e8,0x00000000ed180000)
  to   space 25600K, 0% used [0x00000000e9f80000,0x00000000e9f80000,0x00000000eb880000)
 ParOldGen       total 141312K, used 59581K [0x00000000a0000000, 0x00000000a8a00000, 0x00000000e0000000)
  object space 141312K, 42% used [0x00000000a0000000,0x00000000a3a2f448,0x00000000a8a00000)
 Metaspace       used 86210K, capacity 90248K, committed 90328K, reserved 1128448K
  class space    used 11402K, capacity 12208K, committed 12248K, reserved 1048576K
}
Event: 1620.806 GC heap before
{Heap before GC invocations=22 (full 3):
 PSYoungGen      total 176640K, used 176525K [0x00000000e0000000, 0x00000000ed180000, 0x0000000100000000)
  eden space 160768K, 100% used [0x00000000e0000000,0x00000000e9d00000,0x00000000e9d00000)
  from space 15872K, 99% used [0x00000000ec200000,0x00000000ed1634e8,0x00000000ed180000)
  to   space 25600K, 0% used [0x00000000e9f80000,0x00000000e9f80000,0x00000000eb880000)
 ParOldGen       total 141312K, used 59581K [0x00000000a0000000, 0x00000000a8a00000, 0x00000000e0000000)
  object space 141312K, 42% used [0x00000000a0000000,0x00000000a3a2f448,0x00000000a8a00000)
 Metaspace       used 87121K, capacity 92028K, committed 92120K, reserved 1128448K
  class space    used 11526K, capacity 12438K, committed 12504K, reserved 1048576K
Event: 1620.828 GC heap after
Heap after GC invocations=22 (full 3):
 PSYoungGen      total 168960K, used 12654K [0x00000000e0000000, 0x00000000ec880000, 0x0000000100000000)
  eden space 156160K, 0% used [0x00000000e0000000,0x00000000e0000000,0x00000000e9880000)
  from space 12800K, 98% used [0x00000000e9f80000,0x00000000eabdba70,0x00000000eac00000)
  to   space 24576K, 0% used [0x00000000eb080000,0x00000000eb080000,0x00000000ec880000)
 ParOldGen       total 141312K, used 59589K [0x00000000a0000000, 0x00000000a8a00000, 0x00000000e0000000)
  object space 141312K, 42% used [0x00000000a0000000,0x00000000a3a31448,0x00000000a8a00000)
 Metaspace       used 87121K, capacity 92028K, committed 92120K, reserved 1128448K
  class space    used 11526K, capacity 12438K, committed 12504K, reserved 1048576K
}
Event: 2074.678 GC heap before
{Heap before GC invocations=23 (full 3):
 PSYoungGen      total 168960K, used 168814K [0x00000000e0000000, 0x00000000ec880000, 0x0000000100000000)
  eden space 156160K, 100% used [0x00000000e0000000,0x00000000e9880000,0x00000000e9880000)
  from space 12800K, 98% used [0x00000000e9f80000,0x00000000eabdba70,0x00000000eac00000)
  to   space 24576K, 0% used [0x00000000eb080000,0x00000000eb080000,0x00000000ec880000)
 ParOldGen       total 141312K, used 59589K [0x00000000a0000000, 0x00000000a8a00000, 0x00000000e0000000)
  object space 141312K, 42% used [0x00000000a0000000,0x00000000a3a31448,0x00000000a8a00000)
 Metaspace       used 88991K, capacity 94206K, committed 94424K, reserved 1130496K
  class space    used 11780K, capacity 12747K, committed 12760K, reserved 1048576K
Event: 2074.702 GC heap after
Heap after GC invocations=23 (full 3):
 PSYoungGen      total 171520K, used 16012K [0x00000000e0000000, 0x00000000ec400000, 0x0000000100000000)
  eden space 151552K, 0% used [0x00000000e0000000,0x00000000e0000000,0x00000000e9400000)
  from space 19968K, 80% used [0x00000000eb080000,0x00000000ec023358,0x00000000ec400000)
  to   space 24576K, 0% used [0x00000000e9400000,0x00000000e9400000,0x00000000eac00000)
 ParOldGen       total 141312K, used 59597K [0x00000000a0000000, 0x00000000a8a00000, 0x00000000e0000000)
  object space 141312K, 42% used [0x00000000a0000000,0x00000000a3a33448,0x00000000a8a00000)
 Metaspace       used 88991K, capacity 94206K, committed 94424K, reserved 1130496K
  class space    used 11780K, capacity 12747K, committed 12760K, reserved 1048576K
}
Event: 2076.110 GC heap before
{Heap before GC invocations=24 (full 3):
 PSYoungGen      total 171520K, used 150558K [0x00000000e0000000, 0x00000000ec400000, 0x0000000100000000)
  eden space 151552K, 88% used [0x00000000e0000000,0x00000000e83646d0,0x00000000e9400000)
  from space 19968K, 80% used [0x00000000eb080000,0x00000000ec023358,0x00000000ec400000)
  to   space 24576K, 0% used [0x00000000e9400000,0x00000000e9400000,0x00000000eac00000)
 ParOldGen       total 141312K, used 59597K [0x00000000a0000000, 0x00000000a8a00000, 0x00000000e0000000)
  object space 141312K, 42% used [0x00000000a0000000,0x00000000a3a33448,0x00000000a8a00000)
 Metaspace       used 92878K, capacity 98463K, committed 98496K, reserved 1134592K
  class space    used 12306K, capacity 13400K, committed 13400K, reserved 1048576K
Event: 2076.131 GC heap after
Heap after GC invocations=24 (full 3):
 PSYoungGen      total 167424K, used 19658K [0x00000000e0000000, 0x00000000ec200000, 0x0000000100000000)
  eden space 147456K, 0% used [0x00000000e0000000,0x00000000e0000000,0x00000000e9000000)
  from space 19968K, 98% used [0x00000000e9400000,0x00000000ea7328c0,0x00000000ea780000)
  to   space 25600K, 0% used [0x00000000ea900000,0x00000000ea900000,0x00000000ec200000)
 ParOldGen       total 141312K, used 59605K [0x00000000a0000000, 0x00000000a8a00000, 0x00000000e0000000)
  object space 141312K, 42% used [0x00000000a0000000,0x00000000a3a35448,0x00000000a8a00000)
 Metaspace       used 92878K, capacity 98463K, committed 98496K, reserved 1134592K
  class space    used 12306K, capacity 13400K, committed 13400K, reserved 1048576K
}
Event: 2076.131 GC heap before
{Heap before GC invocations=25 (full 4):
 PSYoungGen      total 167424K, used 19658K [0x00000000e0000000, 0x00000000ec200000, 0x0000000100000000)
  eden space 147456K, 0% used [0x00000000e0000000,0x00000000e0000000,0x00000000e9000000)
  from space 19968K, 98% used [0x00000000e9400000,0x00000000ea7328c0,0x00000000ea780000)
  to   space 25600K, 0% used [0x00000000ea900000,0x00000000ea900000,0x00000000ec200000)
 ParOldGen       total 141312K, used 59605K [0x00000000a0000000, 0x00000000a8a00000, 0x00000000e0000000)
  object space 141312K, 42% used [0x00000000a0000000,0x00000000a3a35448,0x00000000a8a00000)
 Metaspace       used 92878K, capacity 98463K, committed 98496K, reserved 1134592K
  class space    used 12306K, capacity 13400K, committed 13400K, reserved 1048576K

